<?xml version="1.0" encoding="UTF-8"?>
<testsuite xmlns:xsi="http://www.w3.org/2001/XMLSchema-instance" xsi:schemaLocation="https://maven.apache.org/surefire/maven-surefire-plugin/xsd/surefire-test-report.xsd" name="com.cucumber.runner.TestRunner" time="117.616" tests="57" errors="0" skipped="0" failures="0">
  <properties>
[...]
</properties>
  <testcase name="Given Launch hotel reservation application" classname="Scenario: Verify the adactin homepage functionality of the application" time="0.003"/>
  <testcase name="When User enter the username &quot;rathipriya&quot; in the username field" classname="Scenario: Verify the adactin homepage functionality of the application" time="0"/>
  <testcase name="And User enter the password &quot;rathi143&quot; in the password field" classname="Scenario: Verify the adactin homepage functionality of the application" time="0"/>
  <testcase name="And User click on the login button" classname="Scenario: Verify the adactin homepage functionality of the application" time="0"/>
  <testcase name="Scenario: Verify the adactin homepage functionality of the application" classname="Scenario: Verify the adactin homepage functionality of the application" time="0.003"/>
  <testcase name="Given Launch hotel reservation application" classname="Scenario: Launch hotel reservation application and checking the upcoming check in and check out dates" time="0"/>
  <testcase name="When User enter the username &quot;rathipriya&quot; in the username field" classname="Scenario: Launch hotel reservation application and checking the upcoming check in and check out dates" time="0"/>
  <testcase name="And User enter the password &quot;rathi143&quot; in the password field" classname="Scenario: Launch hotel reservation application and checking the upcoming check in and check out dates" time="0"/>
  <testcase name="And User click on the login button" classname="Scenario: Launch hotel reservation application and checking the upcoming check in and check out dates" time="0"/>
  <testcase name="And User select the location in the list" classname="Scenario: Launch hotel reservation application and checking the upcoming check in and check out dates" time="0"/>
  <testcase name="And User select the available hotels in the list" classname="Scenario: Launch hotel reservation application and checking the upcoming check in and check out dates" time="0"/>
  <testcase name="And User select the roomtype in the list" classname="Scenario: Launch hotel reservation application and checking the upcoming check in and check out dates" time="0"/>
  <testcase name="And User select the number of rooms in the list" classname="Scenario: Launch hotel reservation application and checking the upcoming check in and check out dates" time="0"/>
  <testcase name="And User select the check in date as &quot;03/07/2019&quot;" classname="Scenario: Launch hotel reservation application and checking the upcoming check in and check out dates" time="0"/>
  <testcase name="And User select the check out date as &quot;01/07/2019&quot;" classname="Scenario: Launch hotel reservation application and checking the upcoming check in and check out dates" time="0"/>
  <testcase name="And User click on the search button to check the Availablity of the selected hotel" classname="Scenario: Launch hotel reservation application and checking the upcoming check in and check out dates" time="0"/>
  <testcase name="Then Verify that system gives an error saying check-in-date should not be later than check-out-date" classname="Scenario: Launch hotel reservation application and checking the upcoming check in and check out dates" time="0"/>
  <testcase name="Scenario: Launch hotel reservation application and checking the upcoming check in and check out dates" classname="Scenario: Launch hotel reservation application and checking the upcoming check in and check out dates" time="0.002"/>
  <testcase name="Given Launch hotel reservation application" classname="Scenario: Launch hotel reservation application and checking the previous check in and check out dates" time="0"/>
  <testcase name="When User enter the username &quot;rathipriya&quot; in the username field" classname="Scenario: Launch hotel reservation application and checking the previous check in and check out dates" time="0"/>
  <testcase name="And User enter the password &quot;rathi143&quot; in the password field" classname="Scenario: Launch hotel reservation application and checking the previous check in and check out dates" time="0"/>
  <testcase name="And User click on the login button" classname="Scenario: Launch hotel reservation application and checking the previous check in and check out dates" time="0"/>
  <testcase name="And User select the location in the list" classname="Scenario: Launch hotel reservation application and checking the previous check in and check out dates" time="0"/>
  <testcase name="And User select the available hotels in the list" classname="Scenario: Launch hotel reservation application and checking the previous check in and check out dates" time="0"/>
  <testcase name="And User select the roomtype in the list" classname="Scenario: Launch hotel reservation application and checking the previous check in and check out dates" time="0"/>
  <testcase name="And User select the number of rooms in the list" classname="Scenario: Launch hotel reservation application and checking the previous check in and check out dates" time="0"/>
  <testcase name="And User select the check in date as &quot;19/06/2019&quot;" classname="Scenario: Launch hotel reservation application and checking the previous check in and check out dates" time="0"/>
  <testcase name="And User select the check out date as &quot;23/06/2019&quot;" classname="Scenario: Launch hotel reservation application and checking the previous check in and check out dates" time="0"/>
  <testcase name="And User click on the search button to check the Availablity of the selected hotel" classname="Scenario: Launch hotel reservation application and checking the previous check in and check out dates" time="0"/>
  <testcase name="Then Verify that the error message saying enter the valid dates" classname="Scenario: Launch hotel reservation application and checking the previous check in and check out dates" time="0"/>
  <testcase name="Scenario: Launch hotel reservation application and checking the previous check in and check out dates" classname="Scenario: Launch hotel reservation application and checking the previous check in and check out dates" time="0.002"/>
  <testcase name="Given Launch hotel reservation application" classname="Scenario: Launch hotel reservation application for checking the hotel location and hotel name" time="0"/>
  <testcase name="When User enter the username &quot;rathipriya&quot; in the username field" classname="Scenario: Launch hotel reservation application for checking the hotel location and hotel name" time="0"/>
  <testcase name="And User enter the password &quot;rathi143&quot; in the password field" classname="Scenario: Launch hotel reservation application for checking the hotel location and hotel name" time="0"/>
  <testcase name="And User click on the login button" classname="Scenario: Launch hotel reservation application for checking the hotel location and hotel name" time="0"/>
  <testcase name="And User select the location in the list" classname="Scenario: Launch hotel reservation application for checking the hotel location and hotel name" time="0"/>
  <testcase name="And User select the available hotels in the list" classname="Scenario: Launch hotel reservation application for checking the hotel location and hotel name" time="0"/>
  <testcase name="And User select the roomtype in the list" classname="Scenario: Launch hotel reservation application for checking the hotel location and hotel name" time="0"/>
  <testcase name="And User select the number of rooms in the list" classname="Scenario: Launch hotel reservation application for checking the hotel location and hotel name" time="0"/>
  <testcase name="And User select the check in date as &quot;27/06/2019&quot;" classname="Scenario: Launch hotel reservation application for checking the hotel location and hotel name" time="0"/>
  <testcase name="And User select the check out date as &quot;28/06/2019&quot;" classname="Scenario: Launch hotel reservation application for checking the hotel location and hotel name" time="0"/>
  <testcase name="And User click on the search button to check the Availablity of the selected hotel" classname="Scenario: Launch hotel reservation application for checking the hotel location and hotel name" time="0"/>
  <testcase name="Then Verify that hotel location and hotel name displayed is the same as selected in search Hotel form" classname="Scenario: Launch hotel reservation application for checking the hotel location and hotel name" time="0"/>
  <testcase name="Scenario: Launch hotel reservation application for checking the hotel location and hotel name" classname="Scenario: Launch hotel reservation application for checking the hotel location and hotel name" time="0.002"/>
  <testcase name="Given Launch hotel reservation application" classname="Scenario: Launch hotel reservation application for checking the selected check in and check out date validation" time="0"/>
  <testcase name="When User enter the username &quot;rathipriya&quot; in the username field" classname="Scenario: Launch hotel reservation application for checking the selected check in and check out date validation" time="0"/>
  <testcase name="And User enter the password &quot;rathi143&quot; in the password field" classname="Scenario: Launch hotel reservation application for checking the selected check in and check out date validation" time="0"/>
  <testcase name="And User click on the login button" classname="Scenario: Launch hotel reservation application for checking the selected check in and check out date validation" time="0"/>
  <testcase name="And User select the location in the list" classname="Scenario: Launch hotel reservation application for checking the selected check in and check out date validation" time="0"/>
  <testcase name="And User select the available hotels in the list" classname="Scenario: Launch hotel reservation application for checking the selected check in and check out date validation" time="0"/>
  <testcase name="And User select the roomtype in the list" classname="Scenario: Launch hotel reservation application for checking the selected check in and check out date validation" time="0"/>
  <testcase name="And User select the number of rooms in the list" classname="Scenario: Launch hotel reservation application for checking the selected check in and check out date validation" time="0"/>
  <testcase name="And User select the check in date as &quot;27/06/2019&quot;" classname="Scenario: Launch hotel reservation application for checking the selected check in and check out date validation" time="0"/>
  <testcase name="And User select the check out date as &quot;28/06/2019&quot;" classname="Scenario: Launch hotel reservation application for checking the selected check in and check out date validation" time="0"/>
  <testcase name="And User click on the search button to check the Availablity of the selected hotel" classname="Scenario: Launch hotel reservation application for checking the selected check in and check out date validation" time="0"/>
  <testcase name="Then Verify the check in and check out date displayed is the same as selected in search Hotel form" classname="Scenario: Launch hotel reservation application for checking the selected check in and check out date validation" time="0"/>
  <testcase name="Scenario: Launch hotel reservation application for checking the selected check in and check out date validation" classname="Scenario: Launch hotel reservation application for checking the selected check in and check out date validation" time="0.002"/>
</testsuite>